<?xml version="1.0" encoding="UTF-8"?>
<!-- Generated by org.testng.reporters.JUnitReportReporter -->
<testsuite hostname="Galinas-Air" name="com.sqa.gy.helpers.QAMathTestNGAddTest" tests="18" failures="0" timestamp="28 Jan 2017 21:47:08 GMT" time="0.064" errors="0">
  <testcase name="testAddSimple" time="0.003" classname="com.sqa.gy.helpers.QAMathTestNGAddTest"/>
  <testcase name="testExpInst" time="0.003" classname="com.sqa.gy.helpers.QAMathTestNGAddTest"/>
  <testcase name="testAddSimple" time="0.002" classname="com.sqa.gy.helpers.QAMathTestNGAddTest"/>
  <testcase name="testSubSimple" time="0.003" classname="com.sqa.gy.helpers.QAMathTestNGAddTest"/>
  <testcase name="testAddInst" time="0.003" classname="com.sqa.gy.helpers.QAMathTestNGAddTest"/>
  <testcase name="testAddSimple" time="0.004" classname="com.sqa.gy.helpers.QAMathTestNGAddTest"/>
  <testcase name="testExpSimple" time="0.002" classname="com.sqa.gy.helpers.QAMathTestNGAddTest"/>
  <testcase name="testSubInst" time="0.003" classname="com.sqa.gy.helpers.QAMathTestNGAddTest"/>
  <testcase name="testSubInst" time="0.003" classname="com.sqa.gy.helpers.QAMathTestNGAddTest"/>
  <testcase name="testSubInst" time="0.004" classname="com.sqa.gy.helpers.QAMathTestNGAddTest"/>
  <testcase name="testExpSimple" time="0.002" classname="com.sqa.gy.helpers.QAMathTestNGAddTest"/>
  <testcase name="testExpInst" time="0.003" classname="com.sqa.gy.helpers.QAMathTestNGAddTest"/>
  <testcase name="testAddInst" time="0.014" classname="com.sqa.gy.helpers.QAMathTestNGAddTest"/>
  <testcase name="testSubSimple" time="0.005" classname="com.sqa.gy.helpers.QAMathTestNGAddTest"/>
  <testcase name="testExpSimple" time="0.002" classname="com.sqa.gy.helpers.QAMathTestNGAddTest"/>
  <testcase name="testAddInst" time="0.003" classname="com.sqa.gy.helpers.QAMathTestNGAddTest"/>
  <testcase name="testExpInst" time="0.003" classname="com.sqa.gy.helpers.QAMathTestNGAddTest"/>
  <testcase name="testSubSimple" time="0.002" classname="com.sqa.gy.helpers.QAMathTestNGAddTest"/>
</testsuite> <!-- com.sqa.gy.helpers.QAMathTestNGAddTest -->
